<?xml version="1.0" encoding="UTF-8"?>
<!-- Generated by org.testng.reporters.JUnitXMLReporter -->
<testsuite ignored="1" hostname="hp23-HP-EliteBook-840-G1" failures="0" tests="7" name="Test 2" time="107.36" errors="0" timestamp="2022-10-11T16:40:26 IST">
  <testcase classname="Adminportal.Banner_module_testcases" name="Create_Banner_With_Madatory_fields" time="14.398"/>
  <testcase classname="Adminportal.Banner_module_testcases" name="View_And_Verify_Banner_With_Mandatory_Fields" time="9.432"/>
  <testcase classname="Adminportal.Banner_module_testcases" name="Edit_Banner_With_All_Fields" time="23.384"/>
  <testcase classname="Adminportal.Banner_module_testcases" name="View_And_Verify_Edited_Banner" time="7.031"/>
  <testcase classname="Adminportal.Banner_module_testcases" name="Create_New_Banner_With_All_Fields" time="21.744"/>
  <testcase classname="Adminportal.Banner_module_testcases" name="View_And_Verify_The_New_Banner" time="7.98"/>
  <testcase classname="Adminportal.Banner_module_testcases" name="delete_banner" time="17.46"/>
  <testcase classname="Adminportal.Banner_module_testcases" name="filter_banner" time="0.0">
    <ignored/>
  </testcase> <!-- filter_banner -->
</testsuite> <!-- Test 2 -->
