<?xml version="1.0" encoding="UTF-8"?>
<!-- Generated by org.testng.reporters.JUnitXMLReporter -->
<testsuite ignored="2" hostname="hp23-HP-EliteBook-840-G1" failures="0" tests="6" name="Default test" time="97.147" errors="0" timestamp="2022-10-06T13:44:52 IST">
  <testcase classname="Adminportal.banner_Final_Demo" name="Create_Banner_With_Madatory_fields" time="13.555"/>
  <testcase classname="Adminportal.banner_Final_Demo" name="View_And_Verify_Banner_With_Mandatory_Fields" time="21.255"/>
  <testcase classname="Adminportal.banner_Final_Demo" name="Edit_Banner_With_All_Fields" time="15.001"/>
  <testcase classname="Adminportal.banner_Final_Demo" name="View_And_Verify_Edited_Banner" time="8.043"/>
  <testcase classname="Adminportal.banner_Final_Demo" name="Create_New_Banner_With_All_Fields" time="23.149"/>
  <testcase classname="Adminportal.banner_Final_Demo" name="View_And_Verify_The_New_Banner" time="9.058"/>
  <testcase classname="Adminportal.banner_Final_Demo" name="filter_banner" time="0.0">
    <ignored/>
  </testcase> <!-- filter_banner -->
  <testcase classname="Adminportal.banner_Final_Demo" name="delete_banner" time="0.0">
    <ignored/>
  </testcase> <!-- delete_banner -->
</testsuite> <!-- Default test -->
