<?xml version="1.0" encoding="UTF-8"?>
<!-- Generated by org.testng.reporters.JUnitXMLReporter -->
<testsuite ignored="1" hostname="hp23-HP-EliteBook-840-G1" failures="0" tests="6" name="Test 1" time="140.796" errors="0" timestamp="2022-10-11T16:38:39 IST">
  <testcase classname="Adminportal.Expert_module_test_cases" name="Create_Expert_With_Madatory_fields" time="11.54"/>
  <testcase classname="Adminportal.Expert_module_test_cases" name="View_And_Verify_Expert_With_Mandatory_Fields" time="7.725"/>
  <testcase classname="Adminportal.Expert_module_test_cases" name="Edit_Expert_With_All_Fields" time="28.796"/>
  <testcase classname="Adminportal.Expert_module_test_cases" name="View_And_Verify_Edited_Expert" time="7.396"/>
  <testcase classname="Adminportal.Expert_module_test_cases" name="Create_New_Expert_With_All_Fields" time="54.386"/>
  <testcase classname="Adminportal.Expert_module_test_cases" name="Verify_delete_Expert_is_working" time="13.591"/>
  <testcase classname="Adminportal.Expert_module_test_cases" name="View_And_Verify_The_New_Expert" time="0.0">
    <ignored/>
  </testcase> <!-- View_And_Verify_The_New_Expert -->
</testsuite> <!-- Test 1 -->
