<?xml version="1.0" encoding="UTF-8"?>
<!-- Generated by org.testng.reporters.JUnitXMLReporter -->
<testsuite ignored="7" hostname="hp23-HP-EliteBook-840-G1" failures="0" tests="1" name="Default test" time="83.26" errors="0" timestamp="2022-10-11T17:12:06 IST">
  <testcase classname="Adminportal.Collection_module_testcases" name="Create_New_Collection_With_All_Fields" time="76.607"/>
  <testcase classname="Adminportal.Collection_module_testcases" name="Delete_New_Collection_" time="0.0">
    <ignored/>
  </testcase> <!-- Delete_New_Collection_ -->
  <testcase classname="Adminportal.Collection_module_testcases" name="View_And_Verify_Collection_With_Mandatory_Fields" time="0.0">
    <ignored/>
  </testcase> <!-- View_And_Verify_Collection_With_Mandatory_Fields -->
  <testcase classname="Adminportal.Collection_module_testcases" name="filter_banner" time="0.0">
    <ignored/>
  </testcase> <!-- filter_banner -->
  <testcase classname="Adminportal.Collection_module_testcases" name="Edit_Collection_With_All_Fields" time="0.0">
    <ignored/>
  </testcase> <!-- Edit_Collection_With_All_Fields -->
  <testcase classname="Adminportal.Collection_module_testcases" name="Create_Collection_With_Madatory_fields" time="0.0">
    <ignored/>
  </testcase> <!-- Create_Collection_With_Madatory_fields -->
  <testcase classname="Adminportal.Collection_module_testcases" name="View_And_Verify_New_Collection_" time="0.0">
    <ignored/>
  </testcase> <!-- View_And_Verify_New_Collection_ -->
  <testcase classname="Adminportal.Collection_module_testcases" name="View_And_Verify_Edited_Collection_" time="0.0">
    <ignored/>
  </testcase> <!-- View_And_Verify_Edited_Collection_ -->
</testsuite> <!-- Default test -->
