<?xml version="1.0" encoding="UTF-8"?>
<testng-results ignored="7" total="8" passed="1" failed="0" skipped="0">
  <reporter-output>
    <line>
      <![CDATA[Collection -> Verifying Create New Collection With All Information]]>
    </line>
  </reporter-output>
  <suite started-at="2022-10-11T17:10:42 IST" name="Default suite" finished-at="2022-10-11T17:12:06 IST" duration-ms="83260">
    <groups>
    </groups>
    <test started-at="2022-10-11T17:10:42 IST" name="Default test" finished-at="2022-10-11T17:12:06 IST" duration-ms="83260">
      <class name="Adminportal.Collection_module_testcases">
        <test-method is-config="true" signature="TestLocalStorageSetAndGetItem()[pri:0, instance:Adminportal.Collection_module_testcases@7722c3c3]" started-at="2022-10-11T17:10:42 IST" name="TestLocalStorageSetAndGetItem" finished-at="2022-10-11T17:10:49 IST" duration-ms="6486" status="PASS">
          <reporter-output>
          </reporter-output>
        </test-method> <!-- TestLocalStorageSetAndGetItem -->
        <test-method signature="Create_New_Collection_With_All_Fields()[pri:6, instance:Adminportal.Collection_module_testcases@7722c3c3]" started-at="2022-10-11T17:10:49 IST" name="Create_New_Collection_With_All_Fields" finished-at="2022-10-11T17:12:05 IST" duration-ms="76607" status="PASS">
          <reporter-output>
            <line>
              <![CDATA[Collection -> Verifying Create New Collection With All Information]]>
            </line>
          </reporter-output>
        </test-method> <!-- Create_New_Collection_With_All_Fields -->
        <test-method is-config="true" signature="closeBrowser()[pri:0, instance:Adminportal.Collection_module_testcases@7722c3c3]" started-at="2022-10-11T17:12:05 IST" name="closeBrowser" finished-at="2022-10-11T17:12:06 IST" duration-ms="119" status="PASS">
          <reporter-output>
          </reporter-output>
        </test-method> <!-- closeBrowser -->
      </class> <!-- Adminportal.Collection_module_testcases -->
    </test> <!-- Default test -->
  </suite> <!-- Default suite -->
</testng-results>
